2026-04-16 14:51:17 [INFO] AutonomousDriving.ConfigManager - logger.py:185: Config loaded from config/system_config.yaml
2026-04-16 14:51:17 [INFO] AutonomousDriving.ModuleTester - logger.py:185: ============================================================
2026-04-16 14:51:17 [INFO] AutonomousDriving.ModuleTester - logger.py:185: Testing Perception Module
2026-04-16 14:51:17 [INFO] AutonomousDriving.ModuleTester - logger.py:185: ============================================================
2026-04-16 14:51:17 [INFO] AutonomousDriving.ModuleTester - logger.py:185: [PASS] perception.import: All perception modules imported successfully
2026-04-16 14:51:17 [INFO] AutonomousDriving.LaneDetector - logger.py:185: LaneDetector initialized
2026-04-16 14:51:17 [INFO] AutonomousDriving.ObstacleDetector - logger.py:185: ObstacleDetector initialized
2026-04-16 14:51:17 [INFO] AutonomousDriving.OccupancyNetwork - logger.py:185: OccupancyNetwork initialized: grid_size=500x300, resolution=0.2m
2026-04-16 14:51:17 [INFO] AutonomousDriving.PerceptionModule - logger.py:185: PerceptionModule initialized
2026-04-16 14:51:17 [INFO] AutonomousDriving.ModuleTester - logger.py:185: [PASS] perception.initialization: Perception module initialized
2026-04-16 14:51:17 [INFO] AutonomousDriving.LaneDetector - logger.py:185: LaneDetector initialized
2026-04-16 14:51:17 [INFO] AutonomousDriving.ModuleTester - logger.py:185: [PASS] perception.lane_detection: Detected 4 lane lines
2026-04-16 14:51:17 [INFO] AutonomousDriving.ObstacleDetector - logger.py:185: ObstacleDetector initialized
2026-04-16 14:51:17 [INFO] AutonomousDriving.ModuleTester - logger.py:185: [PASS] perception.obstacle_detection: Detected 0 obstacles
2026-04-16 14:51:17 [ERROR] AutonomousDriving.ModuleTester - logger.py:193: Perception test failed: type object 'ModuleState' has no attribute 'STOPPED'
2026-04-16 14:51:17 [ERROR] AutonomousDriving.ModuleTester - logger.py:193: Traceback (most recent call last):
  File "/mnt/okcomputer/output/autonomous_driving/test_module.py", line 187, in test_perception
    perception.start()
  File "/mnt/okcomputer/output/autonomous_driving/src/perception/perception_module.py", line 160, in start
    if self._state not in [ModuleState.READY, ModuleState.STOPPED]:
                                              ^^^^^^^^^^^^^^^^^^^
AttributeError: type object 'ModuleState' has no attribute 'STOPPED'

2026-04-16 14:51:17 [INFO] AutonomousDriving.ModuleTester - logger.py:185: [FAIL] perception.overall: type object 'ModuleState' has no attribute 'STOPPED'
2026-04-16 14:51:17 [INFO] AutonomousDriving.ModuleTester - logger.py:185: ============================================================
2026-04-16 14:51:17 [INFO] AutonomousDriving.ModuleTester - logger.py:185: Test Summary
2026-04-16 14:51:17 [INFO] AutonomousDriving.ModuleTester - logger.py:185: ============================================================
2026-04-16 14:51:17 [INFO] AutonomousDriving.ModuleTester - logger.py:185: Total tests: 5
2026-04-16 14:51:17 [INFO] AutonomousDriving.ModuleTester - logger.py:185: Passed: 4
2026-04-16 14:51:17 [INFO] AutonomousDriving.ModuleTester - logger.py:185: Failed: 1
2026-04-16 14:51:17 [INFO] AutonomousDriving.ModuleTester - logger.py:185: 
Failed tests:
2026-04-16 14:51:17 [INFO] AutonomousDriving.ModuleTester - logger.py:185:   - perception.overall: type object 'ModuleState' has no attribute 'STOPPED'
2026-04-16 14:51:17 [INFO] AutonomousDriving.ModuleTester - logger.py:185: ============================================================
