2026-04-17 10:27:03 [INFO] AutonomousDriving.AutonomousDrivingSystem - logger.py:190: ============================================================
2026-04-17 10:27:03 [INFO] AutonomousDriving.AutonomousDrivingSystem - logger.py:190: Initializing Autonomous Driving System
2026-04-17 10:27:03 [INFO] AutonomousDriving.AutonomousDrivingSystem - logger.py:190: ============================================================
2026-04-17 10:27:03 [INFO] AutonomousDriving.ConfigManager - logger.py:190: Config loaded from config/system_config.yaml
2026-04-17 10:27:03 [INFO] AutonomousDriving.AutonomousDrivingSystem - logger.py:190: Configuration loaded successfully
2026-04-17 10:27:03 [INFO] AutonomousDriving.AutonomousDrivingSystem - logger.py:190: Message bus initialized
2026-04-17 10:27:03 [INFO] AutonomousDriving.AutonomousDrivingSystem - logger.py:190: Initializing nuScenes dataset mode...
2026-04-17 10:27:03 [INFO] AutonomousDriving.MessageBus - logger.py:190: MessageBus started
2026-04-17 10:27:03 [INFO] AutonomousDriving.AutonomousDrivingSystem - logger.py:190: nuScenes adapter initialized: data/nuscenes
2026-04-17 10:27:03 [INFO] AutonomousDriving.AutonomousDrivingSystem - logger.py:190: Initializing core modules...
2026-04-17 10:27:03 [INFO] AutonomousDriving.LaneDetector - logger.py:190: LaneDetector initialized
2026-04-17 10:27:03 [INFO] AutonomousDriving.ObstacleDetector - logger.py:190: ObstacleDetector initialized
2026-04-17 10:27:03 [INFO] AutonomousDriving.OccupancyNetwork - logger.py:190: OccupancyNetwork initialized: grid_size=500x300, resolution=0.2m
2026-04-17 10:27:03 [INFO] AutonomousDriving.PerceptionModule - logger.py:190: PerceptionModule initialized
2026-04-17 10:27:03 [INFO] AutonomousDriving.AutonomousDrivingSystem - logger.py:190: Perception module initialized
2026-04-17 10:27:03 [INFO] AutonomousDriving.BehaviorPlanner - logger.py:190: BehaviorPlanner initialized
2026-04-17 10:27:03 [INFO] AutonomousDriving.TrajectoryGenerator - logger.py:190: TrajectoryGenerator initialized: num_trajectories=50, time_horizon=8.0s
2026-04-17 10:27:03 [INFO] AutonomousDriving.TrajectoryOptimizer - logger.py:190: TrajectoryOptimizer initialized
2026-04-17 10:27:03 [INFO] AutonomousDriving.PlanningModule - logger.py:190: PlanningModule initialized
2026-04-17 10:27:03 [INFO] AutonomousDriving.AutonomousDrivingSystem - logger.py:190: Planning module initialized
2026-04-17 10:27:04 [INFO] AutonomousDriving.AutonomousDrivingSystem - logger.py:190: Visualization initialized
2026-04-17 10:27:04 [INFO] AutonomousDriving.AutonomousDrivingSystem - logger.py:190: ============================================================
2026-04-17 10:27:04 [INFO] AutonomousDriving.AutonomousDrivingSystem - logger.py:190: System initialization completed successfully
2026-04-17 10:27:04 [INFO] AutonomousDriving.AutonomousDrivingSystem - logger.py:190: ============================================================
2026-04-17 10:27:04 [INFO] AutonomousDriving.AutonomousDrivingSystem - logger.py:190: ============================================================
2026-04-17 10:27:04 [INFO] AutonomousDriving.AutonomousDrivingSystem - logger.py:190: Starting Autonomous Driving System
2026-04-17 10:27:04 [INFO] AutonomousDriving.AutonomousDrivingSystem - logger.py:190: ============================================================
2026-04-17 10:27:04 [INFO] AutonomousDriving.PerceptionModule - logger.py:190: PerceptionModule started
2026-04-17 10:27:04 [INFO] AutonomousDriving.PlanningModule - logger.py:190: PlanningModule started
2026-04-17 10:27:04 [INFO] AutonomousDriving.AutonomousDrivingSystem - logger.py:190: System started successfully
2026-04-17 10:27:04 [INFO] AutonomousDriving.AutonomousDrivingSystem - logger.py:190: Entering main loop...
2026-04-17 10:27:04 [INFO] AutonomousDriving.AutonomousDrivingSystem - logger.py:190: Running nuScenes dataset processing loop
2026-04-17 10:27:04 [INFO] AutonomousDriving.AutonomousDrivingSystem - logger.py:190: Found 10 scenes
2026-04-17 10:27:04 [INFO] AutonomousDriving.AutonomousDrivingSystem - logger.py:190: Showing visualization window for nuScenes mode
2026-04-17 10:27:04 [INFO] AutonomousDriving.AutonomousDrivingSystem - logger.py:190: Processing scene 1/10: scene-0061
2026-04-17 10:27:13 [INFO] AutonomousDriving.AutonomousDrivingSystem - logger.py:190:   Progress: 25.6% (10/39)
2026-04-17 10:27:22 [INFO] AutonomousDriving.AutonomousDrivingSystem - logger.py:190:   Progress: 51.3% (20/39)
2026-04-17 10:27:31 [INFO] AutonomousDriving.AutonomousDrivingSystem - logger.py:190:   Progress: 76.9% (30/39)
2026-04-17 10:27:39 [INFO] AutonomousDriving.AutonomousDrivingSystem - logger.py:190: Scene scene-0061 completed
2026-04-17 10:27:39 [INFO] AutonomousDriving.AutonomousDrivingSystem - logger.py:190: Processing scene 2/10: scene-0103
2026-04-17 10:27:46 [INFO] AutonomousDriving.AutonomousDrivingSystem - logger.py:190:   Progress: 25.0% (10/40)
2026-04-17 10:27:54 [INFO] AutonomousDriving.AutonomousDrivingSystem - logger.py:190:   Progress: 50.0% (20/40)
2026-04-17 10:28:03 [INFO] AutonomousDriving.AutonomousDrivingSystem - logger.py:190:   Progress: 75.0% (30/40)
2026-04-17 10:28:10 [INFO] AutonomousDriving.AutonomousDrivingSystem - logger.py:190:   Progress: 100.0% (40/40)
2026-04-17 10:28:10 [INFO] AutonomousDriving.AutonomousDrivingSystem - logger.py:190: Scene scene-0103 completed
2026-04-17 10:28:11 [INFO] AutonomousDriving.AutonomousDrivingSystem - logger.py:190: Processing scene 3/10: scene-0553
2026-04-17 10:28:19 [INFO] AutonomousDriving.AutonomousDrivingSystem - logger.py:190:   Progress: 24.4% (10/41)
2026-04-17 10:28:27 [INFO] AutonomousDriving.AutonomousDrivingSystem - logger.py:190:   Progress: 48.8% (20/41)
2026-04-17 10:28:35 [INFO] AutonomousDriving.AutonomousDrivingSystem - logger.py:190:   Progress: 73.2% (30/41)
2026-04-17 10:28:44 [INFO] AutonomousDriving.AutonomousDrivingSystem - logger.py:190:   Progress: 97.6% (40/41)
2026-04-17 10:28:45 [INFO] AutonomousDriving.AutonomousDrivingSystem - logger.py:190: Scene scene-0553 completed
2026-04-17 10:28:45 [INFO] AutonomousDriving.AutonomousDrivingSystem - logger.py:190: Processing scene 4/10: scene-0655
2026-04-17 10:28:53 [INFO] AutonomousDriving.AutonomousDrivingSystem - logger.py:190:   Progress: 24.4% (10/41)
2026-04-17 10:29:02 [INFO] AutonomousDriving.AutonomousDrivingSystem - logger.py:190:   Progress: 48.8% (20/41)
2026-04-17 10:29:10 [INFO] AutonomousDriving.AutonomousDrivingSystem - logger.py:190:   Progress: 73.2% (30/41)
2026-04-17 10:29:19 [INFO] AutonomousDriving.AutonomousDrivingSystem - logger.py:190:   Progress: 97.6% (40/41)
2026-04-17 10:29:20 [INFO] AutonomousDriving.AutonomousDrivingSystem - logger.py:190: Scene scene-0655 completed
2026-04-17 10:29:20 [INFO] AutonomousDriving.AutonomousDrivingSystem - logger.py:190: Processing scene 5/10: scene-0757
2026-04-17 10:29:28 [INFO] AutonomousDriving.AutonomousDrivingSystem - logger.py:190:   Progress: 24.4% (10/41)
2026-04-17 10:29:36 [INFO] AutonomousDriving.AutonomousDrivingSystem - logger.py:190:   Progress: 48.8% (20/41)
2026-04-17 10:29:45 [INFO] AutonomousDriving.AutonomousDrivingSystem - logger.py:190:   Progress: 73.2% (30/41)
2026-04-17 10:29:53 [INFO] AutonomousDriving.AutonomousDrivingSystem - logger.py:190:   Progress: 97.6% (40/41)
2026-04-17 10:29:54 [INFO] AutonomousDriving.AutonomousDrivingSystem - logger.py:190: Scene scene-0757 completed
2026-04-17 10:29:54 [INFO] AutonomousDriving.AutonomousDrivingSystem - logger.py:190: Processing scene 6/10: scene-0796
2026-04-17 10:30:02 [INFO] AutonomousDriving.AutonomousDrivingSystem - logger.py:190:   Progress: 25.0% (10/40)
2026-04-17 10:30:10 [INFO] AutonomousDriving.AutonomousDrivingSystem - logger.py:190:   Progress: 50.0% (20/40)
2026-04-17 10:30:18 [INFO] AutonomousDriving.AutonomousDrivingSystem - logger.py:190:   Progress: 75.0% (30/40)
2026-04-17 10:30:26 [INFO] AutonomousDriving.AutonomousDrivingSystem - logger.py:190:   Progress: 100.0% (40/40)
2026-04-17 10:30:26 [INFO] AutonomousDriving.AutonomousDrivingSystem - logger.py:190: Scene scene-0796 completed
2026-04-17 10:30:26 [INFO] AutonomousDriving.AutonomousDrivingSystem - logger.py:190: Processing scene 7/10: scene-0916
2026-04-17 10:30:34 [INFO] AutonomousDriving.AutonomousDrivingSystem - logger.py:190:   Progress: 24.4% (10/41)
2026-04-17 10:30:43 [INFO] AutonomousDriving.AutonomousDrivingSystem - logger.py:190:   Progress: 48.8% (20/41)
2026-04-17 10:30:52 [INFO] AutonomousDriving.AutonomousDrivingSystem - logger.py:190:   Progress: 73.2% (30/41)
2026-04-17 10:31:00 [INFO] AutonomousDriving.AutonomousDrivingSystem - logger.py:190:   Progress: 97.6% (40/41)
2026-04-17 10:31:00 [INFO] AutonomousDriving.AutonomousDrivingSystem - logger.py:190: Scene scene-0916 completed
2026-04-17 10:31:01 [INFO] AutonomousDriving.AutonomousDrivingSystem - logger.py:190: Processing scene 8/10: scene-1077
2026-04-17 10:31:08 [INFO] AutonomousDriving.AutonomousDrivingSystem - logger.py:190:   Progress: 24.4% (10/41)
2026-04-17 10:31:17 [INFO] AutonomousDriving.AutonomousDrivingSystem - logger.py:190:   Progress: 48.8% (20/41)
2026-04-17 10:31:25 [INFO] AutonomousDriving.AutonomousDrivingSystem - logger.py:190:   Progress: 73.2% (30/41)
2026-04-17 10:31:33 [INFO] AutonomousDriving.AutonomousDrivingSystem - logger.py:190:   Progress: 97.6% (40/41)
2026-04-17 10:31:34 [INFO] AutonomousDriving.AutonomousDrivingSystem - logger.py:190: Scene scene-1077 completed
2026-04-17 10:31:34 [INFO] AutonomousDriving.AutonomousDrivingSystem - logger.py:190: Processing scene 9/10: scene-1094
2026-04-17 10:31:43 [INFO] AutonomousDriving.AutonomousDrivingSystem - logger.py:190:   Progress: 25.0% (10/40)
2026-04-17 10:31:53 [INFO] AutonomousDriving.AutonomousDrivingSystem - logger.py:190:   Progress: 50.0% (20/40)
2026-04-17 10:32:01 [INFO] AutonomousDriving.AutonomousDrivingSystem - logger.py:190:   Progress: 75.0% (30/40)
2026-04-17 10:32:08 [INFO] AutonomousDriving.AutonomousDrivingSystem - logger.py:190:   Progress: 100.0% (40/40)
2026-04-17 10:32:08 [INFO] AutonomousDriving.AutonomousDrivingSystem - logger.py:190: Scene scene-1094 completed
2026-04-17 10:32:09 [INFO] AutonomousDriving.AutonomousDrivingSystem - logger.py:190: Processing scene 10/10: scene-1100
2026-04-17 10:32:16 [INFO] AutonomousDriving.AutonomousDrivingSystem - logger.py:190:   Progress: 25.0% (10/40)
2026-04-17 10:32:24 [INFO] AutonomousDriving.AutonomousDrivingSystem - logger.py:190:   Progress: 50.0% (20/40)
2026-04-17 10:32:32 [INFO] AutonomousDriving.AutonomousDrivingSystem - logger.py:190:   Progress: 75.0% (30/40)
2026-04-17 10:32:40 [INFO] AutonomousDriving.AutonomousDrivingSystem - logger.py:190:   Progress: 100.0% (40/40)
2026-04-17 10:32:40 [INFO] AutonomousDriving.AutonomousDrivingSystem - logger.py:190: Scene scene-1100 completed
2026-04-17 10:32:40 [INFO] AutonomousDriving.AutonomousDrivingSystem - logger.py:190: All scenes completed. Close the visualization window to exit.
2026-04-17 10:33:24 [INFO] AutonomousDriving.AutonomousDrivingSystem - logger.py:190: ============================================================
2026-04-17 10:33:24 [INFO] AutonomousDriving.AutonomousDrivingSystem - logger.py:190: Stopping Autonomous Driving System
2026-04-17 10:33:24 [INFO] AutonomousDriving.AutonomousDrivingSystem - logger.py:190: ============================================================
2026-04-17 10:33:24 [INFO] AutonomousDriving.PlanningModule - logger.py:190: PlanningModule stopped
2026-04-17 10:33:24 [INFO] AutonomousDriving.AutonomousDrivingSystem - logger.py:190: Planning module stopped
2026-04-17 10:33:24 [INFO] AutonomousDriving.PerceptionModule - logger.py:190: PerceptionModule stopped
2026-04-17 10:33:24 [INFO] AutonomousDriving.AutonomousDrivingSystem - logger.py:190: Perception module stopped
2026-04-17 10:33:24 [INFO] AutonomousDriving.AutonomousDrivingSystem - logger.py:190: ============================================================
2026-04-17 10:33:24 [INFO] AutonomousDriving.AutonomousDrivingSystem - logger.py:190: Final Statistics:
2026-04-17 10:33:24 [INFO] AutonomousDriving.AutonomousDrivingSystem - logger.py:190:   Total runtime: 380.3 seconds
2026-04-17 10:33:24 [INFO] AutonomousDriving.AutonomousDrivingSystem - logger.py:190:   Total loops: 0
2026-04-17 10:33:24 [INFO] AutonomousDriving.AutonomousDrivingSystem - logger.py:190:   Average loop rate: 0.0 Hz
2026-04-17 10:33:24 [INFO] AutonomousDriving.AutonomousDrivingSystem - logger.py:190: ============================================================
2026-04-17 10:33:24 [INFO] AutonomousDriving.AutonomousDrivingSystem - logger.py:190: System stopped
