2026-04-16 17:27:36 [INFO] AutonomousDriving.AutonomousDrivingSystem - logger.py:190: ============================================================
2026-04-16 17:27:36 [INFO] AutonomousDriving.AutonomousDrivingSystem - logger.py:190: Initializing Autonomous Driving System
2026-04-16 17:27:36 [INFO] AutonomousDriving.AutonomousDrivingSystem - logger.py:190: ============================================================
2026-04-16 17:27:36 [INFO] AutonomousDriving.ConfigManager - logger.py:190: Config loaded from config/system_config.yaml
2026-04-16 17:27:36 [INFO] AutonomousDriving.AutonomousDrivingSystem - logger.py:190: Configuration loaded successfully
2026-04-16 17:27:36 [INFO] AutonomousDriving.AutonomousDrivingSystem - logger.py:190: Message bus initialized
2026-04-16 17:27:36 [INFO] AutonomousDriving.AutonomousDrivingSystem - logger.py:190: Initializing nuScenes dataset mode...
2026-04-16 17:27:37 [INFO] AutonomousDriving.MessageBus - logger.py:190: MessageBus started
2026-04-16 17:27:37 [INFO] AutonomousDriving.AutonomousDrivingSystem - logger.py:190: nuScenes adapter initialized: data/nuscenes
2026-04-16 17:27:37 [INFO] AutonomousDriving.AutonomousDrivingSystem - logger.py:190: Initializing core modules...
2026-04-16 17:27:37 [INFO] AutonomousDriving.LaneDetector - logger.py:190: LaneDetector initialized
2026-04-16 17:27:37 [INFO] AutonomousDriving.ObstacleDetector - logger.py:190: ObstacleDetector initialized
2026-04-16 17:27:37 [INFO] AutonomousDriving.OccupancyNetwork - logger.py:190: OccupancyNetwork initialized: grid_size=500x300, resolution=0.2m
2026-04-16 17:27:37 [INFO] AutonomousDriving.PerceptionModule - logger.py:190: PerceptionModule initialized
2026-04-16 17:27:37 [INFO] AutonomousDriving.AutonomousDrivingSystem - logger.py:190: Perception module initialized
2026-04-16 17:27:37 [INFO] AutonomousDriving.BehaviorPlanner - logger.py:190: BehaviorPlanner initialized
2026-04-16 17:27:37 [INFO] AutonomousDriving.TrajectoryGenerator - logger.py:190: TrajectoryGenerator initialized: num_trajectories=50, time_horizon=8.0s
2026-04-16 17:27:37 [INFO] AutonomousDriving.TrajectoryOptimizer - logger.py:190: TrajectoryOptimizer initialized
2026-04-16 17:27:37 [INFO] AutonomousDriving.PlanningModule - logger.py:190: PlanningModule initialized
2026-04-16 17:27:37 [INFO] AutonomousDriving.AutonomousDrivingSystem - logger.py:190: Planning module initialized
2026-04-16 17:27:38 [INFO] AutonomousDriving.AutonomousDrivingSystem - logger.py:190: Visualization initialized
2026-04-16 17:27:38 [INFO] AutonomousDriving.AutonomousDrivingSystem - logger.py:190: ============================================================
2026-04-16 17:27:38 [INFO] AutonomousDriving.AutonomousDrivingSystem - logger.py:190: System initialization completed successfully
2026-04-16 17:27:38 [INFO] AutonomousDriving.AutonomousDrivingSystem - logger.py:190: ============================================================
2026-04-16 17:27:38 [INFO] AutonomousDriving.AutonomousDrivingSystem - logger.py:190: ============================================================
2026-04-16 17:27:38 [INFO] AutonomousDriving.AutonomousDrivingSystem - logger.py:190: Starting Autonomous Driving System
2026-04-16 17:27:38 [INFO] AutonomousDriving.AutonomousDrivingSystem - logger.py:190: ============================================================
2026-04-16 17:27:38 [INFO] AutonomousDriving.PerceptionModule - logger.py:190: PerceptionModule started
2026-04-16 17:27:38 [INFO] AutonomousDriving.PlanningModule - logger.py:190: PlanningModule started
2026-04-16 17:27:38 [INFO] AutonomousDriving.AutonomousDrivingSystem - logger.py:190: System started successfully
2026-04-16 17:27:38 [INFO] AutonomousDriving.AutonomousDrivingSystem - logger.py:190: Entering main loop...
2026-04-16 17:27:38 [INFO] AutonomousDriving.AutonomousDrivingSystem - logger.py:190: Running nuScenes dataset processing loop
2026-04-16 17:27:38 [INFO] AutonomousDriving.AutonomousDrivingSystem - logger.py:190: Found 10 scenes
2026-04-16 17:27:38 [INFO] AutonomousDriving.AutonomousDrivingSystem - logger.py:190: Processing scene 1/10: scene-0061
2026-04-16 17:27:42 [INFO] AutonomousDriving.AutonomousDrivingSystem - logger.py:190:   Progress: 25.6% (10/39)
2026-04-16 17:27:47 [INFO] AutonomousDriving.AutonomousDrivingSystem - logger.py:190:   Progress: 51.3% (20/39)
2026-04-16 17:27:51 [INFO] AutonomousDriving.AutonomousDrivingSystem - logger.py:190:   Progress: 76.9% (30/39)
2026-04-16 17:27:55 [INFO] AutonomousDriving.AutonomousDrivingSystem - logger.py:190: Scene scene-0061 completed
2026-04-16 17:27:56 [INFO] AutonomousDriving.AutonomousDrivingSystem - logger.py:190: Processing scene 2/10: scene-0103
2026-04-16 17:28:00 [INFO] AutonomousDriving.AutonomousDrivingSystem - logger.py:190:   Progress: 25.0% (10/40)
2026-04-16 17:28:04 [INFO] AutonomousDriving.AutonomousDrivingSystem - logger.py:190:   Progress: 50.0% (20/40)
2026-04-16 17:28:08 [INFO] AutonomousDriving.AutonomousDrivingSystem - logger.py:190:   Progress: 75.0% (30/40)
2026-04-16 17:28:11 [INFO] AutonomousDriving.AutonomousDrivingSystem - logger.py:190:   Progress: 100.0% (40/40)
2026-04-16 17:28:11 [INFO] AutonomousDriving.AutonomousDrivingSystem - logger.py:190: Scene scene-0103 completed
2026-04-16 17:28:12 [INFO] AutonomousDriving.AutonomousDrivingSystem - logger.py:190: Processing scene 3/10: scene-0553
2026-04-16 17:28:16 [INFO] AutonomousDriving.AutonomousDrivingSystem - logger.py:190:   Progress: 24.4% (10/41)
2026-04-16 17:28:20 [INFO] AutonomousDriving.AutonomousDrivingSystem - logger.py:190:   Progress: 48.8% (20/41)
2026-04-16 17:28:24 [INFO] AutonomousDriving.AutonomousDrivingSystem - logger.py:190:   Progress: 73.2% (30/41)
2026-04-16 17:28:28 [INFO] AutonomousDriving.AutonomousDrivingSystem - logger.py:190:   Progress: 97.6% (40/41)
2026-04-16 17:28:29 [INFO] AutonomousDriving.AutonomousDrivingSystem - logger.py:190: Scene scene-0553 completed
2026-04-16 17:28:30 [INFO] AutonomousDriving.AutonomousDrivingSystem - logger.py:190: Processing scene 4/10: scene-0655
2026-04-16 17:28:34 [INFO] AutonomousDriving.AutonomousDrivingSystem - logger.py:190:   Progress: 24.4% (10/41)
2026-04-16 17:28:38 [INFO] AutonomousDriving.AutonomousDrivingSystem - logger.py:190:   Progress: 48.8% (20/41)
2026-04-16 17:28:43 [INFO] AutonomousDriving.AutonomousDrivingSystem - logger.py:190:   Progress: 73.2% (30/41)
2026-04-16 17:28:47 [INFO] AutonomousDriving.AutonomousDrivingSystem - logger.py:190:   Progress: 97.6% (40/41)
2026-04-16 17:28:47 [INFO] AutonomousDriving.AutonomousDrivingSystem - logger.py:190: Scene scene-0655 completed
2026-04-16 17:28:49 [INFO] AutonomousDriving.AutonomousDrivingSystem - logger.py:190: Processing scene 5/10: scene-0757
2026-04-16 17:28:52 [INFO] AutonomousDriving.AutonomousDrivingSystem - logger.py:190:   Progress: 24.4% (10/41)
2026-04-16 17:28:56 [INFO] AutonomousDriving.AutonomousDrivingSystem - logger.py:190:   Progress: 48.8% (20/41)
2026-04-16 17:29:01 [INFO] AutonomousDriving.AutonomousDrivingSystem - logger.py:190:   Progress: 73.2% (30/41)
2026-04-16 17:29:05 [INFO] AutonomousDriving.AutonomousDrivingSystem - logger.py:190:   Progress: 97.6% (40/41)
2026-04-16 17:29:05 [INFO] AutonomousDriving.AutonomousDrivingSystem - logger.py:190: Scene scene-0757 completed
2026-04-16 17:29:06 [INFO] AutonomousDriving.AutonomousDrivingSystem - logger.py:190: Processing scene 6/10: scene-0796
2026-04-16 17:29:10 [INFO] AutonomousDriving.AutonomousDrivingSystem - logger.py:190:   Progress: 25.0% (10/40)
2026-04-16 17:29:14 [INFO] AutonomousDriving.AutonomousDrivingSystem - logger.py:190:   Progress: 50.0% (20/40)
2026-04-16 17:29:18 [INFO] AutonomousDriving.AutonomousDrivingSystem - logger.py:190:   Progress: 75.0% (30/40)
2026-04-16 17:29:22 [INFO] AutonomousDriving.AutonomousDrivingSystem - logger.py:190:   Progress: 100.0% (40/40)
2026-04-16 17:29:22 [INFO] AutonomousDriving.AutonomousDrivingSystem - logger.py:190: Scene scene-0796 completed
2026-04-16 17:29:23 [INFO] AutonomousDriving.AutonomousDrivingSystem - logger.py:190: Processing scene 7/10: scene-0916
2026-04-16 17:29:28 [INFO] AutonomousDriving.AutonomousDrivingSystem - logger.py:190:   Progress: 24.4% (10/41)
2026-04-16 17:29:32 [INFO] AutonomousDriving.AutonomousDrivingSystem - logger.py:190:   Progress: 48.8% (20/41)
