2026-04-10 11:27:50 [INFO] AutonomousDriving.ConfigManager - logger.py:185: Config loaded from config/system_config.yaml
2026-04-10 11:27:50 [INFO] AutonomousDriving.ModuleTester - logger.py:185: ============================================================
2026-04-10 11:27:50 [INFO] AutonomousDriving.ModuleTester - logger.py:185: Testing Perception Module
2026-04-10 11:27:50 [INFO] AutonomousDriving.ModuleTester - logger.py:185: ============================================================
2026-04-10 11:27:50 [INFO] AutonomousDriving.ModuleTester - logger.py:185: [PASS] perception.import: All perception modules imported successfully
2026-04-10 11:27:50 [INFO] AutonomousDriving.LaneDetector - logger.py:185: LaneDetector initialized
2026-04-10 11:27:50 [INFO] AutonomousDriving.ObstacleDetector - logger.py:185: ObstacleDetector initialized
2026-04-10 11:27:50 [INFO] AutonomousDriving.OccupancyNetwork - logger.py:185: OccupancyNetwork initialized: grid_size=500x300, resolution=0.2m
2026-04-10 11:27:50 [INFO] AutonomousDriving.PerceptionModule - logger.py:185: PerceptionModule initialized
2026-04-10 11:27:50 [INFO] AutonomousDriving.ModuleTester - logger.py:185: [PASS] perception.initialization: Perception module initialized
2026-04-10 11:27:50 [INFO] AutonomousDriving.LaneDetector - logger.py:185: LaneDetector initialized
2026-04-10 11:27:50 [ERROR] AutonomousDriving.ModuleTester - logger.py:193: Perception test failed: name 'cv2' is not defined
2026-04-10 11:27:50 [ERROR] AutonomousDriving.ModuleTester - logger.py:193: Traceback (most recent call last):
  File "/mnt/okcomputer/output/autonomous_driving/test_module.py", line 138, in test_perception
    cv2.line(test_image, (500, 1080), (960, 540), (255, 255, 255), 5)
    ^^^
NameError: name 'cv2' is not defined

2026-04-10 11:27:50 [INFO] AutonomousDriving.ModuleTester - logger.py:185: [FAIL] perception.overall: name 'cv2' is not defined
2026-04-10 11:27:50 [INFO] AutonomousDriving.ModuleTester - logger.py:185: ============================================================
2026-04-10 11:27:50 [INFO] AutonomousDriving.ModuleTester - logger.py:185: Test Summary
2026-04-10 11:27:50 [INFO] AutonomousDriving.ModuleTester - logger.py:185: ============================================================
2026-04-10 11:27:50 [INFO] AutonomousDriving.ModuleTester - logger.py:185: Total tests: 3
2026-04-10 11:27:50 [INFO] AutonomousDriving.ModuleTester - logger.py:185: Passed: 2
2026-04-10 11:27:50 [INFO] AutonomousDriving.ModuleTester - logger.py:185: Failed: 1
2026-04-10 11:27:50 [INFO] AutonomousDriving.ModuleTester - logger.py:185: 
Failed tests:
2026-04-10 11:27:50 [INFO] AutonomousDriving.ModuleTester - logger.py:185:   - perception.overall: name 'cv2' is not defined
2026-04-10 11:27:50 [INFO] AutonomousDriving.ModuleTester - logger.py:185: ============================================================
